<?xml version="1.0" encoding="UTF-8"?>
<!-- Generated by org.testng.reporters.JUnitXMLReporter -->
<testsuite hostname="AmolShah-PC" name="Default test" tests="7" failures="0" timestamp="6 Dec 2014 07:30:14 GMT" time="171.836" errors="0">
  <testcase name="verifyHomepageTitle" time="56.115" classname="automation.rtMediaSiteTest"/>
  <testcase name="AlreadyRegistered" time="16.6" classname="automation.rtMediaSiteTest"/>
  <testcase name="FaultyLogin" time="22.272" classname="automation.rtMediaSiteTest"/>
  <testcase name="Login" time="16.744" classname="automation.rtMediaSiteTest"/>
  <testcase name="PostMediaPrivacy" time="13.529" classname="automation.rtMediaSiteTest"/>
  <testcase name="uploadimage" time="22.301" classname="automation.rtMediaSiteTest"/>
  <testcase name="UploadImageUrl" time="23.781" classname="automation.rtMediaSiteTest"/>
</testsuite> <!-- Default test -->
